11.11.2020 23:28:28 - В отделении закончились экземпляры издания "Комсомольская правда"! Пополните склад!
12.11.2020 7:46:27 - В отделении закончились экземпляры издания "Комсомольская правда"! Пополните склад!
15.11.2020 19:16:00 - Количествово издания "ннен" в отделении осталось: 5 шт.!
15.11.2020 19:17:11 - Количествово издания "ооо" в отделении осталось: 5 шт.!
17.11.2020 18:57:24 - Оформленна подписка клиентом Егоров П. И. на издание Выживания в пустошах
17.11.2020 18:57:51 - В отделении закончились экземпляры издания "Комсомольская правда"! Пополните склад!
19.11.2020 22:22:12 - Оформленна подписка клиентом Егоров П. И. на издание Желтая пресса
19.11.2020 22:34:24 - Внесены изменения в издание - "Комсомольская правда"
19.11.2020 22:35:06 - Оформленна подписка клиентом Егоров П. И. на издание Комсомольская правда
19.11.2020 22:35:58 - Оформленна подписка клиентом Древельков А. С. на издание Комсомольская правда
19.11.2020 22:36:34 - Оформленна подписка клиентом Кикабидзе Р. У. на издание Комсомольская правда
19.11.2020 22:37:14 - Количествово издания "Комсомольская правда" в отделении осталось: 5 шт.!
19.11.2020 22:37:22 - Оформленна подписка клиентом Курбаев В. И. на издание Комсомольская правда
19.11.2020 22:39:53 - Внесены изменения в издание - "Комсомольская правда"
19.11.2020 22:40:08 - Количествово издания "Комсомольская правда" в отделении осталось: 1 шт.!
19.11.2020 22:40:10 - Оформленна подписка клиентом Древельков А. С. на издание Комсомольская правда
19.11.2020 22:40:32 - Количествово издания "Комсомольская правда" в отделении осталось: 1 шт.!
19.11.2020 22:40:34 - Оформленна подписка клиентом Курбаев В. И. на издание Комсомольская правда
19.11.2020 22:40:50 - Количествово издания "Комсомольская правда" в отделении осталось: 1 шт.!
19.11.2020 22:40:52 - Оформленна подписка клиентом Минаев В. В. на издание Комсомольская правда
19.11.2020 22:41:29 - Количествово издания "Комсомольская правда" в отделении осталось: 1 шт.!
19.11.2020 22:41:32 - Оформленна подписка клиентом Головко А. Э. на издание Комсомольская правда
19.11.2020 22:43:30 - Внесены изменения в издание - "Комсомольская правда"
19.11.2020 22:43:43 - Количествово издания "Комсомольская правда" в отделении осталось: 1 шт.!
19.11.2020 22:43:46 - Оформленна подписка клиентом Древельков А. С. на издание Комсомольская правда
19.11.2020 22:45:56 - В отделении закончились экземпляры издания "Комсомольская правда"! Пополните склад!
19.11.2020 22:46:01 - Внесены изменения в издание - "Комсомольская правда"
19.11.2020 22:46:19 - Количествово издания "Комсомольская правда" в отделении осталось: 1 шт.!
19.11.2020 22:46:20 - Оформленна подписка клиентом Петров В. И. на издание Комсомольская правда
19.11.2020 22:46:31 - Количествово издания "Комсомольская правда" в отделении осталось: 1 шт.!
19.11.2020 22:46:32 - Оформленна подписка клиентом Кикабидзе Р. У. на издание Комсомольская правда
19.11.2020 22:47:44 - Внесены изменения в издание - "Комсомольская правда"
19.11.2020 22:47:57 - Количествово издания "Комсомольская правда" в отделении осталось: 0 шт.!
19.11.2020 22:47:59 - Оформленна подписка клиентом Беляева А. И. на издание Комсомольская правда
19.11.2020 22:48:21 - В отделении закончились экземпляры издания "Комсомольская правда"! Пополните склад!
19.11.2020 22:50:22 - Оформленна подписка клиентом Егоров П. И. на издание Известия
19.11.2020 22:50:39 - В отделении закончились экземпляры издания "Комсомольская правда"! Пополните склад!
19.11.2020 22:51:53 - Оформленна подписка клиентом Егоров П. И. на издание Известия
19.11.2020 22:53:00 - Добавленно издание - "ац4"
19.11.2020 22:55:12 - Внесены изменения в издание - "Комсомольская правда"
19.11.2020 22:55:23 - Количествово издания "Комсомольская правда" в отделении осталось: 1 шт.!
19.11.2020 22:55:25 - Оформленна подписка клиентом Древельков А. С. на издание Комсомольская правда
19.11.2020 22:59:14 - Внесены изменения в издание - "Комсомольская правда"
19.11.2020 22:59:23 - Количествово издания "Комсомольская правда" в отделении осталось: 1 шт.!
19.11.2020 22:59:24 - Оформленна подписка клиентом Древельков А. С. на издание Комсомольская правда
20.11.2020 6:51:55 - Внесены изменения в издание - "Комсомольская правда"
20.11.2020 6:52:06 - Количествово издания "Комсомольская правда" в отделении осталось: 0 шт.!
20.11.2020 6:52:09 - Оформленна подписка клиентом Кикабидзе В. И. на издание Комсомольская правда
20.11.2020 7:01:35 - Внесены изменения в издание - "Космополитан"
20.11.2020 7:04:42 - В отделении закончились экземпляры издания "Комсомольская правда"! Пополните склад!
20.11.2020 19:41:56 - Внесены изменения в подписчика - Кикабидзе Р. У.
20.11.2020 19:43:33 - Оформленна подписка клиентом Древельков А. С. на издание Известия
20.11.2020 19:44:09 - Внесены изменения в издание - "Комсомольская правда"
20.11.2020 19:45:19 - Добавленно издание - "Вёрстка"
20.11.2020 19:48:14 - Оформленна подписка клиентом Егоров П. И. на издание Известия
20.11.2020 19:49:02 - Добавленно издание - "кеке"
20.11.2020 19:49:11 - Количествово издания "кеке" в отделении осталось: 4 шт.!
20.11.2020 19:49:13 - Оформленна подписка клиентом Егорова В. П. на издание кеке
20.11.2020 19:49:49 - Внесены изменения в издание - "Комсомольская правда"
22.11.2020 17:58:45 - Добавлен подписчик - кре к. к.
22.11.2020 18:09:35 - Добавлен подписчик - uy j. j.
22.11.2020 18:09:58 - Оформленна подписка клиентом Егорова В. П. на издание Чистая правда
22.11.2020 18:11:31 - Добавлен подписчик - gh g. g.
